2024-11-14 18:14:39,307 - space_invaders - INFO - Son chargé: shoot
2024-11-14 18:14:39,308 - space_invaders - INFO - Son chargé: explosion
2024-11-14 18:14:39,309 - space_invaders - INFO - Son chargé: boss
2024-11-14 18:14:39,320 - space_invaders - INFO - Son chargé: music
2024-11-14 18:14:39,321 - space_invaders - INFO - Son chargé: gameover
2024-11-14 18:14:39,321 - space_invaders - INFO - Son chargé: shield
2024-11-14 18:14:39,323 - space_invaders - INFO - Son chargé: level_completed
2024-11-14 18:17:15,780 - space_invaders - INFO - Son chargé: shoot
2024-11-14 18:17:15,781 - space_invaders - INFO - Son chargé: explosion
2024-11-14 18:17:15,782 - space_invaders - INFO - Son chargé: boss
2024-11-14 18:17:15,791 - space_invaders - INFO - Son chargé: music
2024-11-14 18:17:15,793 - space_invaders - INFO - Son chargé: gameover
2024-11-14 18:17:15,794 - space_invaders - INFO - Son chargé: shield
2024-11-14 18:17:15,794 - space_invaders - INFO - Son chargé: level_completed
2024-11-14 18:18:15,249 - space_invaders - INFO - Son chargé: shoot
2024-11-14 18:18:15,250 - space_invaders - INFO - Son chargé: explosion
2024-11-14 18:18:15,250 - space_invaders - INFO - Son chargé: boss
2024-11-14 18:18:15,256 - space_invaders - INFO - Son chargé: music
2024-11-14 18:18:15,257 - space_invaders - INFO - Son chargé: gameover
2024-11-14 18:18:15,258 - space_invaders - INFO - Son chargé: shield
2024-11-14 18:18:15,259 - space_invaders - INFO - Son chargé: level_completed
2024-11-14 18:19:48,637 - space_invaders - INFO - Son chargé: shoot
2024-11-14 18:19:48,637 - space_invaders - INFO - Son chargé: explosion
2024-11-14 18:19:48,638 - space_invaders - INFO - Son chargé: boss
2024-11-14 18:19:48,644 - space_invaders - INFO - Son chargé: music
2024-11-14 18:19:48,645 - space_invaders - INFO - Son chargé: gameover
2024-11-14 18:19:48,646 - space_invaders - INFO - Son chargé: shield
2024-11-14 18:19:48,646 - space_invaders - INFO - Son chargé: level_completed
2024-11-14 18:21:34,679 - space_invaders - INFO - Son chargé: shoot
2024-11-14 18:21:34,679 - space_invaders - INFO - Son chargé: explosion
2024-11-14 18:21:34,680 - space_invaders - INFO - Son chargé: boss
2024-11-14 18:21:34,685 - space_invaders - INFO - Son chargé: music
2024-11-14 18:21:34,686 - space_invaders - INFO - Son chargé: gameover
2024-11-14 18:21:34,687 - space_invaders - INFO - Son chargé: shield
2024-11-14 18:21:34,687 - space_invaders - INFO - Son chargé: level_completed
2024-11-14 18:23:34,559 - space_invaders - INFO - Son chargé: shoot
2024-11-14 18:23:34,560 - space_invaders - INFO - Son chargé: explosion
2024-11-14 18:23:34,561 - space_invaders - INFO - Son chargé: boss
2024-11-14 18:23:34,566 - space_invaders - INFO - Son chargé: music
2024-11-14 18:23:34,568 - space_invaders - INFO - Son chargé: gameover
2024-11-14 18:23:34,568 - space_invaders - INFO - Son chargé: shield
2024-11-14 18:23:34,569 - space_invaders - INFO - Son chargé: level_completed
2024-11-14 18:25:08,661 - space_invaders - INFO - Son chargé: shoot
2024-11-14 18:25:08,662 - space_invaders - INFO - Son chargé: explosion
2024-11-14 18:25:08,663 - space_invaders - INFO - Son chargé: boss
2024-11-14 18:25:08,669 - space_invaders - INFO - Son chargé: music
2024-11-14 18:25:08,670 - space_invaders - INFO - Son chargé: gameover
2024-11-14 18:25:08,672 - space_invaders - INFO - Son chargé: shield
2024-11-14 18:25:08,672 - space_invaders - INFO - Son chargé: level_completed
2024-11-14 18:26:24,946 - space_invaders - INFO - Son chargé: shoot
2024-11-14 18:26:24,946 - space_invaders - INFO - Son chargé: explosion
2024-11-14 18:26:24,947 - space_invaders - INFO - Son chargé: boss
2024-11-14 18:26:24,955 - space_invaders - INFO - Son chargé: music
2024-11-14 18:26:24,956 - space_invaders - INFO - Son chargé: gameover
2024-11-14 18:26:24,956 - space_invaders - INFO - Son chargé: shield
2024-11-14 18:26:24,957 - space_invaders - INFO - Son chargé: level_completed
2024-11-14 18:29:10,931 - space_invaders - INFO - Son chargé: shoot
2024-11-14 18:29:10,931 - space_invaders - INFO - Son chargé: explosion
2024-11-14 18:29:10,933 - space_invaders - INFO - Son chargé: boss
2024-11-14 18:29:10,939 - space_invaders - INFO - Son chargé: music
2024-11-14 18:29:10,942 - space_invaders - INFO - Son chargé: gameover
2024-11-14 18:29:10,942 - space_invaders - INFO - Son chargé: shield
2024-11-14 18:29:10,942 - space_invaders - INFO - Son chargé: level_completed
2024-11-14 18:31:15,005 - space_invaders - INFO - Son chargé: shoot
2024-11-14 18:31:15,007 - space_invaders - INFO - Son chargé: explosion
2024-11-14 18:31:15,007 - space_invaders - INFO - Son chargé: boss
2024-11-14 18:31:15,014 - space_invaders - INFO - Son chargé: music
2024-11-14 18:31:15,015 - space_invaders - INFO - Son chargé: gameover
2024-11-14 18:31:15,015 - space_invaders - INFO - Son chargé: shield
2024-11-14 18:31:15,016 - space_invaders - INFO - Son chargé: level_completed
2024-11-14 18:33:54,065 - space_invaders - INFO - Son chargé: shoot
2024-11-14 18:33:54,065 - space_invaders - INFO - Son chargé: explosion
2024-11-14 18:33:54,066 - space_invaders - INFO - Son chargé: boss
2024-11-14 18:33:54,076 - space_invaders - INFO - Son chargé: music
2024-11-14 18:33:54,077 - space_invaders - INFO - Son chargé: gameover
2024-11-14 18:33:54,078 - space_invaders - INFO - Son chargé: shield
2024-11-14 18:33:54,078 - space_invaders - INFO - Son chargé: level_completed
2024-11-14 18:35:34,737 - space_invaders - INFO - Son chargé: shoot
2024-11-14 18:35:34,738 - space_invaders - INFO - Son chargé: explosion
2024-11-14 18:35:34,738 - space_invaders - INFO - Son chargé: boss
2024-11-14 18:35:34,745 - space_invaders - INFO - Son chargé: music
2024-11-14 18:35:34,746 - space_invaders - INFO - Son chargé: gameover
2024-11-14 18:35:34,746 - space_invaders - INFO - Son chargé: shield
2024-11-14 18:35:34,748 - space_invaders - INFO - Son chargé: level_completed
2024-11-14 18:40:54,596 - space_invaders - INFO - Son chargé: shoot
2024-11-14 18:40:54,597 - space_invaders - INFO - Son chargé: explosion
2024-11-14 18:40:54,598 - space_invaders - INFO - Son chargé: boss
2024-11-14 18:40:54,606 - space_invaders - INFO - Son chargé: music
2024-11-14 18:40:54,608 - space_invaders - INFO - Son chargé: gameover
2024-11-14 18:40:54,609 - space_invaders - INFO - Son chargé: shield
2024-11-14 18:40:54,610 - space_invaders - INFO - Son chargé: level_completed
2024-11-14 18:40:54,642 - space_invaders - INFO - Son chargé: health
2024-11-14 18:43:21,894 - space_invaders - INFO - Son chargé: shoot
2024-11-14 18:43:21,895 - space_invaders - INFO - Son chargé: explosion
2024-11-14 18:43:21,895 - space_invaders - INFO - Son chargé: boss
2024-11-14 18:43:21,902 - space_invaders - INFO - Son chargé: music
2024-11-14 18:43:21,903 - space_invaders - INFO - Son chargé: gameover
2024-11-14 18:43:21,905 - space_invaders - INFO - Son chargé: shield
2024-11-14 18:43:21,905 - space_invaders - INFO - Son chargé: level_completed
2024-11-14 18:43:21,905 - space_invaders - INFO - Son chargé: health
2024-11-14 18:43:55,813 - space_invaders - INFO - Image du boss 2 chargée
2024-11-14 18:45:55,943 - space_invaders - INFO - Son chargé: shoot
2024-11-14 18:45:55,944 - space_invaders - INFO - Son chargé: explosion
2024-11-14 18:45:55,945 - space_invaders - INFO - Son chargé: boss
2024-11-14 18:45:55,952 - space_invaders - INFO - Son chargé: music
2024-11-14 18:45:55,954 - space_invaders - INFO - Son chargé: gameover
2024-11-14 18:45:55,955 - space_invaders - INFO - Son chargé: shield
2024-11-14 18:45:55,956 - space_invaders - INFO - Son chargé: level_completed
2024-11-14 18:45:55,957 - space_invaders - INFO - Son chargé: health
2024-11-14 18:46:34,154 - space_invaders - INFO - Image du boss 2 chargée
2024-11-14 18:50:32,230 - space_invaders - INFO - Son chargé: shoot
2024-11-14 18:50:32,230 - space_invaders - INFO - Son chargé: explosion
2024-11-14 18:50:32,231 - space_invaders - INFO - Son chargé: boss
2024-11-14 18:50:32,244 - space_invaders - INFO - Son chargé: music
2024-11-14 18:50:32,246 - space_invaders - INFO - Son chargé: gameover
2024-11-14 18:50:32,247 - space_invaders - INFO - Son chargé: shield
2024-11-14 18:50:32,248 - space_invaders - INFO - Son chargé: level_completed
2024-11-14 18:50:32,248 - space_invaders - INFO - Son chargé: health
2024-11-14 18:51:07,320 - space_invaders - INFO - Image du boss 2 chargée
2024-11-14 18:52:52,993 - space_invaders - INFO - Son chargé: shoot
2024-11-14 18:52:52,996 - space_invaders - INFO - Son chargé: explosion
2024-11-14 18:52:52,997 - space_invaders - INFO - Son chargé: boss
2024-11-14 18:52:53,009 - space_invaders - INFO - Son chargé: music
2024-11-14 18:52:53,010 - space_invaders - INFO - Son chargé: gameover
2024-11-14 18:52:53,013 - space_invaders - INFO - Son chargé: shield
2024-11-14 18:52:53,014 - space_invaders - INFO - Son chargé: level_completed
2024-11-14 18:52:53,015 - space_invaders - INFO - Son chargé: health
2024-11-14 18:54:35,237 - space_invaders - INFO - Image du boss 2 chargée
2024-11-14 18:56:45,199 - space_invaders - INFO - Son chargé: shoot
2024-11-14 18:56:45,200 - space_invaders - INFO - Son chargé: explosion
2024-11-14 18:56:45,200 - space_invaders - INFO - Son chargé: boss
2024-11-14 18:56:45,209 - space_invaders - INFO - Son chargé: music
2024-11-14 18:56:45,210 - space_invaders - INFO - Son chargé: gameover
2024-11-14 18:56:45,210 - space_invaders - INFO - Son chargé: shield
2024-11-14 18:56:45,212 - space_invaders - INFO - Son chargé: level_completed
2024-11-14 18:56:45,212 - space_invaders - INFO - Son chargé: health
2024-11-14 18:57:31,119 - space_invaders - INFO - Image du boss 2 chargée
2024-11-14 19:03:49,061 - space_invaders - INFO - Son chargé: shoot
2024-11-14 19:03:49,062 - space_invaders - INFO - Son chargé: explosion
2024-11-14 19:03:49,062 - space_invaders - INFO - Son chargé: boss
2024-11-14 19:03:49,069 - space_invaders - INFO - Son chargé: music
2024-11-14 19:03:49,070 - space_invaders - INFO - Son chargé: gameover
2024-11-14 19:03:49,071 - space_invaders - INFO - Son chargé: shield
2024-11-14 19:03:49,071 - space_invaders - INFO - Son chargé: level_completed
2024-11-14 19:03:49,072 - space_invaders - INFO - Son chargé: health
2024-11-14 19:09:08,543 - space_invaders - INFO - Son chargé: shoot
2024-11-14 19:09:08,544 - space_invaders - INFO - Son chargé: explosion
2024-11-14 19:09:08,545 - space_invaders - INFO - Son chargé: boss
2024-11-14 19:09:08,550 - space_invaders - INFO - Son chargé: music
2024-11-14 19:09:08,552 - space_invaders - INFO - Son chargé: gameover
2024-11-14 19:09:08,552 - space_invaders - INFO - Son chargé: shield
2024-11-14 19:09:08,553 - space_invaders - INFO - Son chargé: level_completed
2024-11-14 19:09:08,553 - space_invaders - INFO - Son chargé: health
2024-11-14 19:12:47,429 - space_invaders - INFO - Son chargé: shoot
2024-11-14 19:12:47,429 - space_invaders - INFO - Son chargé: explosion
2024-11-14 19:12:47,430 - space_invaders - INFO - Son chargé: boss
2024-11-14 19:12:47,437 - space_invaders - INFO - Son chargé: music
2024-11-14 19:12:47,438 - space_invaders - INFO - Son chargé: gameover
2024-11-14 19:12:47,439 - space_invaders - INFO - Son chargé: shield
2024-11-14 19:12:47,441 - space_invaders - INFO - Son chargé: level_completed
2024-11-14 19:12:47,441 - space_invaders - INFO - Son chargé: health
2024-11-14 19:14:49,502 - space_invaders - INFO - Son chargé: shoot
2024-11-14 19:14:49,502 - space_invaders - INFO - Son chargé: explosion
2024-11-14 19:14:49,503 - space_invaders - INFO - Son chargé: boss
2024-11-14 19:14:49,510 - space_invaders - INFO - Son chargé: music
2024-11-14 19:14:49,510 - space_invaders - INFO - Son chargé: gameover
2024-11-14 19:14:49,511 - space_invaders - INFO - Son chargé: shield
2024-11-14 19:14:49,512 - space_invaders - INFO - Son chargé: level_completed
2024-11-14 19:14:49,512 - space_invaders - INFO - Son chargé: health
2024-11-14 19:16:28,961 - space_invaders - INFO - Son chargé: shoot
2024-11-14 19:16:28,961 - space_invaders - INFO - Son chargé: explosion
2024-11-14 19:16:28,962 - space_invaders - INFO - Son chargé: boss
2024-11-14 19:16:28,968 - space_invaders - INFO - Son chargé: music
2024-11-14 19:16:28,969 - space_invaders - INFO - Son chargé: gameover
2024-11-14 19:16:28,970 - space_invaders - INFO - Son chargé: shield
2024-11-14 19:16:28,970 - space_invaders - INFO - Son chargé: level_completed
2024-11-14 19:16:28,971 - space_invaders - INFO - Son chargé: health
2024-11-14 19:18:03,773 - space_invaders - INFO - Image du boss 2 chargée
2024-11-14 19:20:24,770 - space_invaders - INFO - Son chargé: shoot
2024-11-14 19:20:24,771 - space_invaders - INFO - Son chargé: explosion
2024-11-14 19:20:24,771 - space_invaders - INFO - Son chargé: boss
2024-11-14 19:20:24,780 - space_invaders - INFO - Son chargé: music
2024-11-14 19:20:24,780 - space_invaders - INFO - Son chargé: gameover
2024-11-14 19:20:24,781 - space_invaders - INFO - Son chargé: shield
2024-11-14 19:20:24,781 - space_invaders - INFO - Son chargé: level_completed
2024-11-14 19:20:24,781 - space_invaders - INFO - Son chargé: health
2024-11-14 19:21:37,858 - space_invaders - INFO - Son chargé: shoot
2024-11-14 19:21:37,859 - space_invaders - INFO - Son chargé: explosion
2024-11-14 19:21:37,862 - space_invaders - INFO - Son chargé: boss
2024-11-14 19:21:37,869 - space_invaders - INFO - Son chargé: music
2024-11-14 19:21:37,870 - space_invaders - INFO - Son chargé: gameover
2024-11-14 19:21:37,871 - space_invaders - INFO - Son chargé: shield
2024-11-14 19:21:37,872 - space_invaders - INFO - Son chargé: level_completed
2024-11-14 19:21:37,872 - space_invaders - INFO - Son chargé: health
2024-11-14 19:23:07,977 - space_invaders - INFO - Image du boss 2 chargée
2024-11-14 19:26:12,808 - space_invaders - INFO - Son chargé: shoot
2024-11-14 19:26:12,808 - space_invaders - INFO - Son chargé: explosion
2024-11-14 19:26:12,809 - space_invaders - INFO - Son chargé: boss
2024-11-14 19:26:12,817 - space_invaders - INFO - Son chargé: music
2024-11-14 19:26:12,818 - space_invaders - INFO - Son chargé: gameover
2024-11-14 19:26:12,819 - space_invaders - INFO - Son chargé: shield
2024-11-14 19:26:12,819 - space_invaders - INFO - Son chargé: level_completed
2024-11-14 19:26:12,820 - space_invaders - INFO - Son chargé: health
2024-11-14 19:27:36,384 - space_invaders - INFO - Image du boss 2 chargée
2024-11-14 19:33:18,104 - space_invaders - INFO - Son chargé: shoot
2024-11-14 19:33:18,105 - space_invaders - INFO - Son chargé: explosion
2024-11-14 19:33:18,106 - space_invaders - INFO - Son chargé: boss
2024-11-14 19:33:18,113 - space_invaders - INFO - Son chargé: music
2024-11-14 19:33:18,114 - space_invaders - INFO - Son chargé: gameover
2024-11-14 19:33:18,114 - space_invaders - INFO - Son chargé: shield
2024-11-14 19:33:18,115 - space_invaders - INFO - Son chargé: level_completed
2024-11-14 19:33:18,115 - space_invaders - INFO - Son chargé: health
2024-11-14 19:38:03,404 - space_invaders - INFO - Son chargé: shoot
2024-11-14 19:38:03,405 - space_invaders - INFO - Son chargé: explosion
2024-11-14 19:38:03,406 - space_invaders - INFO - Son chargé: boss
2024-11-14 19:38:03,413 - space_invaders - INFO - Son chargé: music
2024-11-14 19:38:03,414 - space_invaders - INFO - Son chargé: gameover
2024-11-14 19:38:03,414 - space_invaders - INFO - Son chargé: shield
2024-11-14 19:38:03,414 - space_invaders - INFO - Son chargé: level_completed
2024-11-14 19:38:03,416 - space_invaders - INFO - Son chargé: health
2024-11-14 19:38:48,487 - space_invaders - INFO - Image du boss 2 chargée
2024-11-14 20:05:47,677 - space_invaders - INFO - Son chargé: shoot
2024-11-14 20:05:47,678 - space_invaders - INFO - Son chargé: explosion
2024-11-14 20:05:47,679 - space_invaders - INFO - Son chargé: boss
2024-11-14 20:05:47,686 - space_invaders - INFO - Son chargé: music
2024-11-14 20:05:47,688 - space_invaders - INFO - Son chargé: gameover
2024-11-14 20:05:47,688 - space_invaders - INFO - Son chargé: shield
2024-11-14 20:05:47,689 - space_invaders - INFO - Son chargé: level_completed
2024-11-14 20:05:47,689 - space_invaders - INFO - Son chargé: health
2024-11-14 20:06:40,944 - space_invaders - INFO - Image du boss 2 chargée
2024-11-14 20:06:41,958 - space_invaders - INFO - Image du boss 2 chargée
2024-11-14 20:06:42,963 - space_invaders - INFO - Image du boss 2 chargée
2024-11-14 20:06:43,963 - space_invaders - INFO - Image du boss 2 chargée
2024-11-14 20:06:45,708 - space_invaders - INFO - Image du boss 2 chargée
2024-11-18 17:43:25,671 - space_invaders - INFO - Son chargé: shoot
2024-11-18 17:43:25,683 - space_invaders - INFO - Son chargé: explosion
2024-11-18 17:43:25,724 - space_invaders - INFO - Son chargé: boss
2024-11-18 17:43:25,732 - space_invaders - INFO - Son chargé: music
2024-11-18 17:43:25,734 - space_invaders - INFO - Son chargé: gameover
2024-11-18 17:43:25,734 - space_invaders - INFO - Son chargé: shield
2024-11-18 17:43:25,735 - space_invaders - INFO - Son chargé: level_completed
2024-11-18 17:43:25,810 - space_invaders - INFO - Son chargé: health
2024-11-18 17:44:19,149 - space_invaders - INFO - Image du boss 2 chargée
2024-11-18 17:44:19,825 - space_invaders - INFO - Image du boss 2 chargée
2024-11-18 17:44:20,825 - space_invaders - INFO - Image du boss 2 chargée
2024-11-18 17:44:21,832 - space_invaders - INFO - Image du boss 2 chargée
2024-11-18 17:44:22,844 - space_invaders - INFO - Image du boss 2 chargée
2024-11-18 17:44:23,856 - space_invaders - INFO - Image du boss 2 chargée
2024-11-18 17:44:24,864 - space_invaders - INFO - Image du boss 2 chargée
2024-11-18 17:44:25,875 - space_invaders - INFO - Image du boss 2 chargée
2024-11-18 17:44:26,888 - space_invaders - INFO - Image du boss 2 chargée
2024-11-18 17:44:27,894 - space_invaders - INFO - Image du boss 2 chargée
2024-11-18 17:44:28,902 - space_invaders - INFO - Image du boss 2 chargée
2024-11-18 17:44:29,906 - space_invaders - INFO - Image du boss 2 chargée
2024-11-18 17:44:30,905 - space_invaders - INFO - Image du boss 2 chargée
2024-11-18 17:44:31,919 - space_invaders - INFO - Image du boss 2 chargée
2024-11-18 17:44:32,924 - space_invaders - INFO - Image du boss 2 chargée
2024-11-18 17:44:33,940 - space_invaders - INFO - Image du boss 2 chargée
2024-11-18 17:44:34,953 - space_invaders - INFO - Image du boss 2 chargée
2024-11-18 17:44:35,962 - space_invaders - INFO - Image du boss 2 chargée
2024-11-18 17:44:36,970 - space_invaders - INFO - Image du boss 2 chargée
2024-11-18 17:44:37,980 - space_invaders - INFO - Image du boss 2 chargée
2024-11-18 17:44:38,984 - space_invaders - INFO - Image du boss 2 chargée
2024-11-18 17:44:39,992 - space_invaders - INFO - Image du boss 2 chargée
2024-11-18 17:44:40,999 - space_invaders - INFO - Image du boss 2 chargée
2024-11-18 17:51:57,746 - space_invaders - INFO - Son chargé: shoot
2024-11-18 17:51:57,749 - space_invaders - INFO - Son chargé: explosion
2024-11-18 17:51:57,750 - space_invaders - INFO - Son chargé: boss
2024-11-18 17:51:57,776 - space_invaders - INFO - Son chargé: music
2024-11-18 17:51:57,778 - space_invaders - INFO - Son chargé: gameover
2024-11-18 17:51:57,780 - space_invaders - INFO - Son chargé: shield
2024-11-18 17:51:57,781 - space_invaders - INFO - Son chargé: level_completed
2024-11-18 17:51:57,783 - space_invaders - INFO - Son chargé: health
2024-11-18 17:52:38,909 - space_invaders - INFO - Image du boss 2 chargée
2024-11-18 17:52:39,914 - space_invaders - INFO - Image du boss 2 chargée
2024-11-18 17:52:40,928 - space_invaders - INFO - Image du boss 2 chargée
2024-11-18 17:52:41,928 - space_invaders - INFO - Image du boss 2 chargée
2024-11-18 17:52:42,931 - space_invaders - INFO - Image du boss 2 chargée
2024-11-18 17:52:43,944 - space_invaders - INFO - Image du boss 2 chargée
2024-11-18 17:55:23,206 - space_invaders - INFO - Son chargé: shoot
2024-11-18 17:55:23,208 - space_invaders - INFO - Son chargé: explosion
2024-11-18 17:55:23,211 - space_invaders - INFO - Son chargé: boss
2024-11-18 17:55:23,237 - space_invaders - INFO - Son chargé: music
2024-11-18 17:55:23,241 - space_invaders - INFO - Son chargé: gameover
2024-11-18 17:55:23,244 - space_invaders - INFO - Son chargé: shield
2024-11-18 17:55:23,246 - space_invaders - INFO - Son chargé: level_completed
2024-11-18 17:55:23,249 - space_invaders - INFO - Son chargé: health
2024-11-18 17:59:56,504 - space_invaders - INFO - Son chargé: shoot
2024-11-18 17:59:56,505 - space_invaders - INFO - Son chargé: explosion
2024-11-18 17:59:56,506 - space_invaders - INFO - Son chargé: boss
2024-11-18 17:59:56,517 - space_invaders - INFO - Son chargé: music
2024-11-18 17:59:56,520 - space_invaders - INFO - Son chargé: gameover
2024-11-18 17:59:56,522 - space_invaders - INFO - Son chargé: shield
2024-11-18 17:59:56,523 - space_invaders - INFO - Son chargé: level_completed
2024-11-18 17:59:56,524 - space_invaders - INFO - Son chargé: health
2024-11-18 18:01:08,716 - space_invaders - INFO - Image du boss 2 chargée
2024-11-18 18:01:09,720 - space_invaders - INFO - Image du boss 2 chargée
2024-11-18 18:01:10,724 - space_invaders - INFO - Image du boss 2 chargée
2024-11-18 18:01:11,745 - space_invaders - INFO - Image du boss 2 chargée
2024-11-18 18:01:14,145 - space_invaders - INFO - Image du boss 2 chargée
2024-11-18 18:01:15,142 - space_invaders - INFO - Image du boss 2 chargée
2024-11-18 18:04:13,849 - space_invaders - INFO - Son chargé: shoot
2024-11-18 18:04:13,851 - space_invaders - INFO - Son chargé: explosion
2024-11-18 18:04:13,853 - space_invaders - INFO - Son chargé: boss
2024-11-18 18:04:13,865 - space_invaders - INFO - Son chargé: music
2024-11-18 18:04:13,868 - space_invaders - INFO - Son chargé: gameover
2024-11-18 18:04:13,869 - space_invaders - INFO - Son chargé: shield
2024-11-18 18:04:13,870 - space_invaders - INFO - Son chargé: level_completed
2024-11-18 18:04:13,872 - space_invaders - INFO - Son chargé: health
2024-11-18 18:04:13,873 - space_invaders - WARNING - Fichier son manquant: D:\MyGames\SpaceInvaders\assets\sounds\warning.wav
2024-11-18 18:04:13,873 - space_invaders - WARNING - Fichier son manquant: D:\MyGames\SpaceInvaders\assets\sounds\boss_transition.wav
2024-11-18 18:04:13,874 - space_invaders - WARNING - Fichier son manquant: D:\MyGames\SpaceInvaders\assets\sounds\boss_defeated.wav
2024-11-18 18:06:38,338 - space_invaders - INFO - Image du boss 2 chargée
2024-11-18 18:06:39,346 - space_invaders - INFO - Image du boss 2 chargée
2024-11-18 18:06:40,356 - space_invaders - INFO - Image du boss 2 chargée
2024-11-18 18:06:41,365 - space_invaders - INFO - Image du boss 2 chargée
2024-11-18 18:06:43,771 - space_invaders - INFO - Image du boss 2 chargée
2024-11-18 18:06:44,780 - space_invaders - INFO - Image du boss 2 chargée
2024-11-18 18:06:45,783 - space_invaders - INFO - Image du boss 2 chargée
2024-11-18 18:06:46,800 - space_invaders - INFO - Image du boss 2 chargée
2024-11-18 18:06:47,813 - space_invaders - INFO - Image du boss 2 chargée
2024-11-18 18:06:48,813 - space_invaders - INFO - Image du boss 2 chargée
2024-11-18 18:06:49,813 - space_invaders - INFO - Image du boss 2 chargée
2024-11-18 18:06:50,816 - space_invaders - INFO - Image du boss 2 chargée
2024-11-18 18:09:42,440 - space_invaders - INFO - Son chargé: shoot
2024-11-18 18:09:42,444 - space_invaders - INFO - Son chargé: explosion
2024-11-18 18:09:42,446 - space_invaders - INFO - Son chargé: boss
2024-11-18 18:09:42,459 - space_invaders - INFO - Son chargé: music
2024-11-18 18:09:42,462 - space_invaders - INFO - Son chargé: gameover
2024-11-18 18:09:42,464 - space_invaders - INFO - Son chargé: shield
2024-11-18 18:09:42,465 - space_invaders - INFO - Son chargé: level_completed
2024-11-18 18:09:42,467 - space_invaders - INFO - Son chargé: health
2024-11-18 18:09:42,468 - space_invaders - WARNING - Fichier son manquant: D:\MyGames\SpaceInvaders\assets\sounds\warning.wav
2024-11-18 18:09:42,469 - space_invaders - WARNING - Fichier son manquant: D:\MyGames\SpaceInvaders\assets\sounds\boss_transition.wav
2024-11-18 18:09:42,469 - space_invaders - WARNING - Fichier son manquant: D:\MyGames\SpaceInvaders\assets\sounds\boss_defeated.wav
2024-11-18 18:11:08,614 - space_invaders - INFO - Image du boss 2 chargée
2024-11-18 18:11:09,613 - space_invaders - INFO - Image du boss 2 chargée
2024-11-18 18:11:10,618 - space_invaders - INFO - Image du boss 2 chargée
2024-11-18 18:11:11,621 - space_invaders - INFO - Image du boss 2 chargée
2024-11-18 18:11:12,637 - space_invaders - INFO - Image du boss 2 chargée
2024-11-18 18:15:43,961 - space_invaders - INFO - Son chargé: shoot
2024-11-18 18:15:43,962 - space_invaders - INFO - Son chargé: explosion
2024-11-18 18:15:43,963 - space_invaders - INFO - Son chargé: boss
2024-11-18 18:15:43,982 - space_invaders - INFO - Son chargé: music
2024-11-18 18:15:43,984 - space_invaders - INFO - Son chargé: gameover
2024-11-18 18:15:43,985 - space_invaders - INFO - Son chargé: shield
2024-11-18 18:15:43,987 - space_invaders - INFO - Son chargé: level_completed
2024-11-18 18:15:43,989 - space_invaders - INFO - Son chargé: health
2024-11-18 18:15:43,989 - space_invaders - WARNING - Fichier son manquant: D:\MyGames\SpaceInvaders\assets\sounds\warning.wav
2024-11-18 18:15:43,990 - space_invaders - WARNING - Fichier son manquant: D:\MyGames\SpaceInvaders\assets\sounds\boss_transition.wav
2024-11-18 18:15:43,990 - space_invaders - WARNING - Fichier son manquant: D:\MyGames\SpaceInvaders\assets\sounds\boss_defeated.wav
2024-11-18 18:22:56,431 - space_invaders - INFO - Son chargé: shoot
2024-11-18 18:22:56,433 - space_invaders - INFO - Son chargé: explosion
2024-11-18 18:22:56,436 - space_invaders - INFO - Son chargé: boss
2024-11-18 18:22:56,450 - space_invaders - INFO - Son chargé: music
2024-11-18 18:22:56,452 - space_invaders - INFO - Son chargé: gameover
2024-11-18 18:22:56,453 - space_invaders - INFO - Son chargé: shield
2024-11-18 18:22:56,455 - space_invaders - INFO - Son chargé: level_completed
2024-11-18 18:22:56,456 - space_invaders - INFO - Son chargé: health
2024-11-18 18:22:56,457 - space_invaders - WARNING - Fichier son manquant: D:\MyGames\SpaceInvaders\assets\sounds\warning.wav
2024-11-18 18:22:56,457 - space_invaders - WARNING - Fichier son manquant: D:\MyGames\SpaceInvaders\assets\sounds\boss_transition.wav
2024-11-18 18:22:56,457 - space_invaders - WARNING - Fichier son manquant: D:\MyGames\SpaceInvaders\assets\sounds\boss_defeated.wav
2024-11-18 18:27:20,985 - space_invaders - INFO - Son chargé: shoot
2024-11-18 18:27:20,987 - space_invaders - INFO - Son chargé: explosion
2024-11-18 18:27:20,989 - space_invaders - INFO - Son chargé: boss
2024-11-18 18:27:20,997 - space_invaders - INFO - Son chargé: music
2024-11-18 18:27:20,998 - space_invaders - INFO - Son chargé: gameover
2024-11-18 18:27:21,000 - space_invaders - INFO - Son chargé: shield
2024-11-18 18:27:21,000 - space_invaders - INFO - Son chargé: level_completed
2024-11-18 18:27:21,001 - space_invaders - INFO - Son chargé: health
2024-11-18 18:27:21,002 - space_invaders - WARNING - Fichier son manquant: D:\MyGames\SpaceInvaders\assets\sounds\warning.wav
2024-11-18 18:27:21,002 - space_invaders - WARNING - Fichier son manquant: D:\MyGames\SpaceInvaders\assets\sounds\boss_transition.wav
2024-11-18 18:27:21,003 - space_invaders - WARNING - Fichier son manquant: D:\MyGames\SpaceInvaders\assets\sounds\boss_defeated.wav
2024-11-18 18:34:02,857 - space_invaders - INFO - Son chargé: shoot
2024-11-18 18:34:02,859 - space_invaders - INFO - Son chargé: explosion
2024-11-18 18:34:02,860 - space_invaders - INFO - Son chargé: boss
2024-11-18 18:34:02,874 - space_invaders - INFO - Son chargé: music
2024-11-18 18:34:02,875 - space_invaders - INFO - Son chargé: gameover
2024-11-18 18:34:02,877 - space_invaders - INFO - Son chargé: shield
2024-11-18 18:34:02,877 - space_invaders - INFO - Son chargé: level_completed
2024-11-18 18:34:02,878 - space_invaders - INFO - Son chargé: health
2024-11-18 18:34:02,879 - space_invaders - WARNING - Fichier son manquant: D:\MyGames\SpaceInvaders\assets\sounds\warning.wav
2024-11-18 18:34:02,879 - space_invaders - WARNING - Fichier son manquant: D:\MyGames\SpaceInvaders\assets\sounds\boss_transition.wav
2024-11-18 18:34:02,879 - space_invaders - WARNING - Fichier son manquant: D:\MyGames\SpaceInvaders\assets\sounds\boss_defeated.wav
2024-11-18 18:39:38,381 - space_invaders - INFO - Son chargé: shoot
2024-11-18 18:39:38,383 - space_invaders - INFO - Son chargé: explosion
2024-11-18 18:39:38,384 - space_invaders - INFO - Son chargé: boss
2024-11-18 18:39:38,401 - space_invaders - INFO - Son chargé: music
2024-11-18 18:39:38,403 - space_invaders - INFO - Son chargé: gameover
2024-11-18 18:39:38,404 - space_invaders - INFO - Son chargé: shield
2024-11-18 18:39:38,404 - space_invaders - INFO - Son chargé: level_completed
2024-11-18 18:39:38,405 - space_invaders - INFO - Son chargé: health
2024-11-18 18:39:38,406 - space_invaders - WARNING - Fichier son manquant: D:\MyGames\SpaceInvaders\assets\sounds\warning.wav
2024-11-18 18:39:38,407 - space_invaders - WARNING - Fichier son manquant: D:\MyGames\SpaceInvaders\assets\sounds\boss_transition.wav
2024-11-18 18:39:38,407 - space_invaders - WARNING - Fichier son manquant: D:\MyGames\SpaceInvaders\assets\sounds\boss_defeated.wav
2024-11-18 18:46:55,604 - space_invaders - INFO - Son chargé: shoot
2024-11-18 18:46:55,605 - space_invaders - INFO - Son chargé: explosion
2024-11-18 18:46:55,606 - space_invaders - INFO - Son chargé: boss
2024-11-18 18:46:55,615 - space_invaders - INFO - Son chargé: music
2024-11-18 18:46:55,618 - space_invaders - INFO - Son chargé: gameover
2024-11-18 18:46:55,619 - space_invaders - INFO - Son chargé: shield
2024-11-18 18:46:55,620 - space_invaders - INFO - Son chargé: level_completed
2024-11-18 18:46:55,621 - space_invaders - INFO - Son chargé: health
2024-11-18 18:46:55,623 - space_invaders - WARNING - Fichier son manquant: D:\MyGames\SpaceInvaders\assets\sounds\warning.wav
2024-11-18 18:46:55,623 - space_invaders - WARNING - Fichier son manquant: D:\MyGames\SpaceInvaders\assets\sounds\boss_transition.wav
2024-11-18 18:46:55,623 - space_invaders - WARNING - Fichier son manquant: D:\MyGames\SpaceInvaders\assets\sounds\boss_defeated.wav
2024-11-19 22:41:41,879 - space_invaders - INFO - Son chargé: shoot
2024-11-19 22:41:41,891 - space_invaders - INFO - Son chargé: explosion
2024-11-19 22:41:41,922 - space_invaders - INFO - Son chargé: boss
2024-11-19 22:41:41,927 - space_invaders - INFO - Son chargé: music
2024-11-19 22:41:41,929 - space_invaders - INFO - Son chargé: gameover
2024-11-19 22:41:41,929 - space_invaders - INFO - Son chargé: shield
2024-11-19 22:41:41,930 - space_invaders - INFO - Son chargé: level_completed
2024-11-19 22:41:41,947 - space_invaders - INFO - Son chargé: health
2024-11-19 22:41:41,949 - space_invaders - WARNING - Fichier son manquant: D:\MyGames\SpaceInvaders\assets\sounds\warning.wav
2024-11-19 22:41:41,949 - space_invaders - WARNING - Fichier son manquant: D:\MyGames\SpaceInvaders\assets\sounds\boss_transition.wav
2024-11-19 22:41:41,949 - space_invaders - WARNING - Fichier son manquant: D:\MyGames\SpaceInvaders\assets\sounds\boss_defeated.wav
2024-11-19 22:44:48,987 - space_invaders - INFO - Son chargé: shoot
2024-11-19 22:44:48,988 - space_invaders - INFO - Son chargé: explosion
2024-11-19 22:44:49,019 - space_invaders - INFO - Son chargé: boss
2024-11-19 22:44:49,061 - space_invaders - INFO - Son chargé: music
2024-11-19 22:44:49,065 - space_invaders - INFO - Son chargé: gameover
2024-11-19 22:44:49,067 - space_invaders - INFO - Son chargé: shield
2024-11-19 22:44:49,068 - space_invaders - INFO - Son chargé: level_completed
2024-11-19 22:44:49,089 - space_invaders - INFO - Son chargé: health
2024-11-19 22:44:49,090 - space_invaders - WARNING - Fichier son manquant: D:\MyGames\SpaceInvaders\assets\sounds\warning.wav
2024-11-19 22:44:49,090 - space_invaders - WARNING - Fichier son manquant: D:\MyGames\SpaceInvaders\assets\sounds\boss_transition.wav
2024-11-19 22:44:49,091 - space_invaders - WARNING - Fichier son manquant: D:\MyGames\SpaceInvaders\assets\sounds\boss_defeated.wav
2024-11-19 22:50:45,883 - space_invaders - INFO - Son chargé: shoot
2024-11-19 22:50:45,884 - space_invaders - INFO - Son chargé: explosion
2024-11-19 22:50:45,914 - space_invaders - INFO - Son chargé: boss
2024-11-19 22:50:45,937 - space_invaders - INFO - Son chargé: music
2024-11-19 22:50:45,940 - space_invaders - INFO - Son chargé: gameover
2024-11-19 22:50:45,941 - space_invaders - INFO - Son chargé: shield
2024-11-19 22:50:45,941 - space_invaders - INFO - Son chargé: level_completed
2024-11-19 22:50:45,963 - space_invaders - INFO - Son chargé: health
2024-11-19 22:50:45,963 - space_invaders - WARNING - Fichier son manquant: D:\MyGames\SpaceInvaders\assets\sounds\warning.wav
2024-11-19 22:50:45,964 - space_invaders - WARNING - Fichier son manquant: D:\MyGames\SpaceInvaders\assets\sounds\boss_transition.wav
2024-11-19 22:50:45,964 - space_invaders - WARNING - Fichier son manquant: D:\MyGames\SpaceInvaders\assets\sounds\boss_defeated.wav
2024-11-19 22:56:15,363 - space_invaders - INFO - Son chargé: shoot
2024-11-19 22:56:15,364 - space_invaders - INFO - Son chargé: explosion
2024-11-19 22:56:15,366 - space_invaders - INFO - Son chargé: boss
2024-11-19 22:56:15,383 - space_invaders - INFO - Son chargé: music
2024-11-19 22:56:15,385 - space_invaders - INFO - Son chargé: gameover
2024-11-19 22:56:15,387 - space_invaders - INFO - Son chargé: shield
2024-11-19 22:56:15,388 - space_invaders - INFO - Son chargé: level_completed
2024-11-19 22:56:15,389 - space_invaders - INFO - Son chargé: health
2024-11-19 22:56:15,390 - space_invaders - WARNING - Fichier son manquant: D:\MyGames\SpaceInvaders\assets\sounds\warning.wav
2024-11-19 22:56:15,390 - space_invaders - WARNING - Fichier son manquant: D:\MyGames\SpaceInvaders\assets\sounds\boss_transition.wav
2024-11-19 22:56:15,391 - space_invaders - WARNING - Fichier son manquant: D:\MyGames\SpaceInvaders\assets\sounds\boss_defeated.wav
2024-11-19 23:02:03,751 - space_invaders - INFO - Son chargé: shoot
2024-11-19 23:02:03,752 - space_invaders - INFO - Son chargé: explosion
2024-11-19 23:02:03,753 - space_invaders - INFO - Son chargé: boss
2024-11-19 23:02:03,762 - space_invaders - INFO - Son chargé: music
2024-11-19 23:02:03,764 - space_invaders - INFO - Son chargé: gameover
2024-11-19 23:02:03,767 - space_invaders - INFO - Son chargé: shield
2024-11-19 23:02:03,769 - space_invaders - INFO - Son chargé: level_completed
2024-11-19 23:02:03,771 - space_invaders - INFO - Son chargé: health
2024-11-19 23:02:03,772 - space_invaders - WARNING - Fichier son manquant: D:\MyGames\SpaceInvaders\assets\sounds\warning.wav
2024-11-19 23:02:03,773 - space_invaders - WARNING - Fichier son manquant: D:\MyGames\SpaceInvaders\assets\sounds\boss_transition.wav
2024-11-19 23:02:03,773 - space_invaders - WARNING - Fichier son manquant: D:\MyGames\SpaceInvaders\assets\sounds\boss_defeated.wav
2024-11-19 23:09:25,929 - space_invaders - INFO - Son chargé: shoot
2024-11-19 23:09:25,929 - space_invaders - INFO - Son chargé: explosion
2024-11-19 23:09:25,930 - space_invaders - INFO - Son chargé: boss
2024-11-19 23:09:25,938 - space_invaders - INFO - Son chargé: music
2024-11-19 23:09:25,939 - space_invaders - INFO - Son chargé: gameover
2024-11-19 23:09:25,940 - space_invaders - INFO - Son chargé: shield
2024-11-19 23:09:25,941 - space_invaders - INFO - Son chargé: level_completed
2024-11-19 23:09:25,942 - space_invaders - INFO - Son chargé: health
2024-11-19 23:09:25,943 - space_invaders - WARNING - Fichier son manquant: D:\MyGames\SpaceInvaders\assets\sounds\warning.wav
2024-11-19 23:09:25,943 - space_invaders - WARNING - Fichier son manquant: D:\MyGames\SpaceInvaders\assets\sounds\boss_transition.wav
2024-11-19 23:09:25,943 - space_invaders - WARNING - Fichier son manquant: D:\MyGames\SpaceInvaders\assets\sounds\boss_defeated.wav
2024-11-19 23:12:36,075 - space_invaders - INFO - Son chargé: shoot
2024-11-19 23:12:36,077 - space_invaders - INFO - Son chargé: explosion
2024-11-19 23:12:36,078 - space_invaders - INFO - Son chargé: boss
2024-11-19 23:12:36,088 - space_invaders - INFO - Son chargé: music
2024-11-19 23:12:36,090 - space_invaders - INFO - Son chargé: gameover
2024-11-19 23:12:36,091 - space_invaders - INFO - Son chargé: shield
2024-11-19 23:12:36,092 - space_invaders - INFO - Son chargé: level_completed
2024-11-19 23:12:36,094 - space_invaders - INFO - Son chargé: health
2024-11-19 23:12:36,094 - space_invaders - WARNING - Fichier son manquant: D:\MyGames\SpaceInvaders\assets\sounds\warning.wav
2024-11-19 23:12:36,094 - space_invaders - WARNING - Fichier son manquant: D:\MyGames\SpaceInvaders\assets\sounds\boss_transition.wav
2024-11-19 23:12:36,094 - space_invaders - WARNING - Fichier son manquant: D:\MyGames\SpaceInvaders\assets\sounds\boss_defeated.wav
2024-11-19 23:17:22,793 - space_invaders - INFO - Son chargé: shoot
2024-11-19 23:17:22,794 - space_invaders - INFO - Son chargé: explosion
2024-11-19 23:17:22,795 - space_invaders - INFO - Son chargé: boss
2024-11-19 23:17:22,804 - space_invaders - INFO - Son chargé: music
2024-11-19 23:17:22,806 - space_invaders - INFO - Son chargé: gameover
2024-11-19 23:17:22,807 - space_invaders - INFO - Son chargé: shield
2024-11-19 23:17:22,808 - space_invaders - INFO - Son chargé: level_completed
2024-11-19 23:17:22,809 - space_invaders - INFO - Son chargé: health
2024-11-19 23:17:22,810 - space_invaders - WARNING - Fichier son manquant: D:\MyGames\SpaceInvaders\assets\sounds\warning.wav
2024-11-19 23:17:22,810 - space_invaders - WARNING - Fichier son manquant: D:\MyGames\SpaceInvaders\assets\sounds\boss_transition.wav
2024-11-19 23:17:22,811 - space_invaders - WARNING - Fichier son manquant: D:\MyGames\SpaceInvaders\assets\sounds\boss_defeated.wav
2024-11-19 23:22:10,911 - space_invaders - INFO - Son chargé: shoot
2024-11-19 23:22:10,912 - space_invaders - INFO - Son chargé: explosion
2024-11-19 23:22:10,912 - space_invaders - INFO - Son chargé: boss
2024-11-19 23:22:10,921 - space_invaders - INFO - Son chargé: music
2024-11-19 23:22:10,924 - space_invaders - INFO - Son chargé: gameover
2024-11-19 23:22:10,925 - space_invaders - INFO - Son chargé: shield
2024-11-19 23:22:10,926 - space_invaders - INFO - Son chargé: level_completed
2024-11-19 23:22:10,926 - space_invaders - INFO - Son chargé: health
2024-11-19 23:22:10,927 - space_invaders - WARNING - Fichier son manquant: D:\MyGames\SpaceInvaders\assets\sounds\warning.wav
2024-11-19 23:22:10,927 - space_invaders - WARNING - Fichier son manquant: D:\MyGames\SpaceInvaders\assets\sounds\boss_transition.wav
2024-11-19 23:22:10,927 - space_invaders - WARNING - Fichier son manquant: D:\MyGames\SpaceInvaders\assets\sounds\boss_defeated.wav
2024-11-19 23:24:20,326 - space_invaders - INFO - Son chargé: shoot
2024-11-19 23:24:20,327 - space_invaders - INFO - Son chargé: explosion
2024-11-19 23:24:20,328 - space_invaders - INFO - Son chargé: boss
2024-11-19 23:24:20,338 - space_invaders - INFO - Son chargé: music
2024-11-19 23:24:20,341 - space_invaders - INFO - Son chargé: gameover
2024-11-19 23:24:20,342 - space_invaders - INFO - Son chargé: shield
2024-11-19 23:24:20,343 - space_invaders - INFO - Son chargé: level_completed
2024-11-19 23:24:20,344 - space_invaders - INFO - Son chargé: health
2024-11-19 23:24:20,345 - space_invaders - WARNING - Fichier son manquant: D:\MyGames\SpaceInvaders\assets\sounds\warning.wav
2024-11-19 23:24:20,345 - space_invaders - WARNING - Fichier son manquant: D:\MyGames\SpaceInvaders\assets\sounds\boss_transition.wav
2024-11-19 23:24:20,345 - space_invaders - WARNING - Fichier son manquant: D:\MyGames\SpaceInvaders\assets\sounds\boss_defeated.wav
2024-11-19 23:29:34,874 - space_invaders - INFO - Son chargé: shoot
2024-11-19 23:29:34,876 - space_invaders - INFO - Son chargé: explosion
2024-11-19 23:29:34,877 - space_invaders - INFO - Son chargé: boss
2024-11-19 23:29:34,885 - space_invaders - INFO - Son chargé: music
2024-11-19 23:29:34,886 - space_invaders - INFO - Son chargé: gameover
2024-11-19 23:29:34,887 - space_invaders - INFO - Son chargé: shield
2024-11-19 23:29:34,887 - space_invaders - INFO - Son chargé: level_completed
2024-11-19 23:29:34,887 - space_invaders - INFO - Son chargé: health
2024-11-19 23:29:34,888 - space_invaders - WARNING - Fichier son manquant: D:\MyGames\SpaceInvaders\assets\sounds\warning.wav
2024-11-19 23:29:35,201 - space_invaders - WARNING - Fichier son manquant: D:\MyGames\SpaceInvaders\assets\sounds\boss_transition.wav
2024-11-19 23:29:35,201 - space_invaders - WARNING - Fichier son manquant: D:\MyGames\SpaceInvaders\assets\sounds\boss_defeated.wav
2024-11-19 23:34:11,315 - space_invaders - INFO - Son chargé: shoot
2024-11-19 23:34:11,316 - space_invaders - INFO - Son chargé: explosion
2024-11-19 23:34:11,316 - space_invaders - INFO - Son chargé: boss
2024-11-19 23:34:11,323 - space_invaders - INFO - Son chargé: music
2024-11-19 23:34:11,325 - space_invaders - INFO - Son chargé: gameover
2024-11-19 23:34:11,326 - space_invaders - INFO - Son chargé: shield
2024-11-19 23:34:11,327 - space_invaders - INFO - Son chargé: level_completed
2024-11-19 23:34:11,328 - space_invaders - INFO - Son chargé: health
2024-11-19 23:34:11,329 - space_invaders - WARNING - Fichier son manquant: D:\MyGames\SpaceInvaders\assets\sounds\warning.wav
2024-11-19 23:34:11,329 - space_invaders - WARNING - Fichier son manquant: D:\MyGames\SpaceInvaders\assets\sounds\boss_transition.wav
2024-11-19 23:34:11,329 - space_invaders - WARNING - Fichier son manquant: D:\MyGames\SpaceInvaders\assets\sounds\boss_defeated.wav
2024-11-19 23:36:08,910 - space_invaders - INFO - Son chargé: shoot
2024-11-19 23:36:08,910 - space_invaders - INFO - Son chargé: explosion
2024-11-19 23:36:08,913 - space_invaders - INFO - Son chargé: boss
2024-11-19 23:36:08,922 - space_invaders - INFO - Son chargé: music
2024-11-19 23:36:08,924 - space_invaders - INFO - Son chargé: gameover
2024-11-19 23:36:08,924 - space_invaders - INFO - Son chargé: shield
2024-11-19 23:36:08,925 - space_invaders - INFO - Son chargé: level_completed
2024-11-19 23:36:08,926 - space_invaders - INFO - Son chargé: health
2024-11-19 23:36:08,926 - space_invaders - WARNING - Fichier son manquant: D:\MyGames\SpaceInvaders\assets\sounds\warning.wav
2024-11-19 23:36:08,926 - space_invaders - WARNING - Fichier son manquant: D:\MyGames\SpaceInvaders\assets\sounds\boss_transition.wav
2024-11-19 23:36:08,926 - space_invaders - WARNING - Fichier son manquant: D:\MyGames\SpaceInvaders\assets\sounds\boss_defeated.wav
2024-11-19 23:40:32,232 - space_invaders - INFO - Son chargé: shoot
2024-11-19 23:40:32,234 - space_invaders - INFO - Son chargé: explosion
2024-11-19 23:40:32,236 - space_invaders - INFO - Son chargé: boss
2024-11-19 23:40:32,244 - space_invaders - INFO - Son chargé: music
2024-11-19 23:40:32,246 - space_invaders - INFO - Son chargé: gameover
2024-11-19 23:40:32,246 - space_invaders - INFO - Son chargé: shield
2024-11-19 23:40:32,247 - space_invaders - INFO - Son chargé: level_completed
2024-11-19 23:40:32,248 - space_invaders - INFO - Son chargé: health
2024-11-19 23:40:32,248 - space_invaders - WARNING - Fichier son manquant: D:\MyGames\SpaceInvaders\assets\sounds\warning.wav
2024-11-19 23:40:32,249 - space_invaders - WARNING - Fichier son manquant: D:\MyGames\SpaceInvaders\assets\sounds\boss_transition.wav
2024-11-19 23:40:32,249 - space_invaders - WARNING - Fichier son manquant: D:\MyGames\SpaceInvaders\assets\sounds\boss_defeated.wav
2024-11-23 14:37:06,064 - space_invaders - INFO - Son chargé: shoot
2024-11-23 14:37:06,065 - space_invaders - INFO - Son chargé: explosion
2024-11-23 14:37:06,067 - space_invaders - INFO - Son chargé: boss
2024-11-23 14:37:06,078 - space_invaders - INFO - Son chargé: music
2024-11-23 14:37:06,080 - space_invaders - INFO - Son chargé: gameover
2024-11-23 14:37:06,080 - space_invaders - INFO - Son chargé: shield
2024-11-23 14:37:06,081 - space_invaders - INFO - Son chargé: level_completed
2024-11-23 14:37:06,083 - space_invaders - INFO - Son chargé: health
2024-11-23 14:37:06,096 - space_invaders - ERROR - Erreur chargement son warning: Unrecognized audio format
2024-11-23 14:37:06,097 - space_invaders - ERROR - Erreur chargement son boss_transition: Unrecognized audio format
2024-11-23 14:37:06,097 - space_invaders - ERROR - Erreur chargement son boss_defeated: Unrecognized audio format
2024-11-23 17:02:27,219 - space_invaders - INFO - Son chargé: shoot
2024-11-23 17:02:27,221 - space_invaders - INFO - Son chargé: explosion
2024-11-23 17:02:27,223 - space_invaders - INFO - Son chargé: boss
2024-11-23 17:02:27,229 - space_invaders - INFO - Son chargé: music
2024-11-23 17:02:27,231 - space_invaders - INFO - Son chargé: gameover
2024-11-23 17:02:27,231 - space_invaders - INFO - Son chargé: shield
2024-11-23 17:02:27,232 - space_invaders - INFO - Son chargé: level_completed
2024-11-23 17:02:27,233 - space_invaders - INFO - Son chargé: health
2024-11-23 17:02:27,245 - space_invaders - ERROR - Erreur chargement son warning: Unrecognized audio format
2024-11-23 17:02:27,245 - space_invaders - INFO - Son chargé: boss_transition
2024-11-23 17:02:27,246 - space_invaders - INFO - Son chargé: boss_defeated
2024-11-23 17:21:29,322 - space_invaders - INFO - Son chargé: shoot
2024-11-23 17:21:29,324 - space_invaders - INFO - Son chargé: explosion
2024-11-23 17:21:29,326 - space_invaders - INFO - Son chargé: boss
2024-11-23 17:21:29,367 - space_invaders - INFO - Son chargé: music
2024-11-23 17:21:29,369 - space_invaders - INFO - Son chargé: gameover
2024-11-23 17:21:29,369 - space_invaders - INFO - Son chargé: shield
2024-11-23 17:21:29,369 - space_invaders - INFO - Son chargé: level_completed
2024-11-23 17:21:29,371 - space_invaders - INFO - Son chargé: health
2024-11-23 17:21:29,384 - space_invaders - ERROR - Erreur chargement son warning: Unrecognized audio format
2024-11-23 17:21:29,385 - space_invaders - INFO - Son chargé: boss_transition
2024-11-23 17:21:29,388 - space_invaders - INFO - Son chargé: boss_defeated
